#
# There is insufficient memory for the Java Runtime Environment to continue.
# Native memory allocation (mmap) failed to map 532676608 bytes for Failed to commit area from 0x0000000604800000 to 0x0000000624400000 of length 532676608.
# Possible reasons:
#   The system is out of physical RAM or swap space
#   The process is running with CompressedOops enabled, and the Java Heap may be blocking the growth of the native heap
# Possible solutions:
#   Reduce memory load on the system
#   Increase physical memory or swap space
#   Check if swap backing store is full
#   Decrease Java heap size (-Xmx/-Xms)
#   Decrease number of Java threads
#   Decrease Java thread stack sizes (-Xss)
#   Set larger code cache with -XX:ReservedCodeCacheSize=
# This output file may be truncated or incomplete.
#
#  Out of Memory Error (./src/hotspot/os/windows/os_windows.cpp:3387), pid=39344, tid=35380
#
# JRE version:  (11.0.14.1+1) (build )
# Java VM: OpenJDK 64-Bit Server VM (11.0.14.1+1, mixed mode, sharing, tiered, compressed oops, g1 gc, windows-amd64)
# No core dump will be written. Minidumps are not enabled by default on client versions of Windows
#

---------------  S U M M A R Y ------------

Command Line: 

Host: 12th Gen Intel(R) Core(TM) i7-12700, 20 cores, 31G,  Windows 11 , 64 bit Build 22621 (10.0.22621.2428)
Time: Fri Oct 27 16:42:21 2023 Est (heure d’été) elapsed time: 0.008651 seconds (0d 0h 0m 0s)

---------------  T H R E A D  ---------------

Current thread (0x0000018c9c3f8800):  JavaThread "Unknown thread" [_thread_in_vm, id=35380, stack(0x0000001951900000,0x0000001951a00000)]

Stack: [0x0000001951900000,0x0000001951a00000]
Native frames: (J=compiled Java code, j=interpreted, Vv=VM code, C=native code)
V  [jvm.dll+0x61e59a]
V  [jvm.dll+0x7aaca9]
V  [jvm.dll+0x7ac398]
V  [jvm.dll+0x7aca73]
V  [jvm.dll+0x24f9b8]
V  [jvm.dll+0x61b83a]
V  [jvm.dll+0x6100c5]
V  [jvm.dll+0x30772c]
V  [jvm.dll+0x3075b2]
V  [jvm.dll+0x30c2d6]
V  [jvm.dll+0x35272f]
V  [jvm.dll+0x352160]
V  [jvm.dll+0x2e4728]
V  [jvm.dll+0x2e5886]
V  [jvm.dll+0x784b07]
V  [jvm.dll+0x78628f]
V  [jvm.dll+0x35f479]
V  [jvm.dll+0x767aa0]
V  [jvm.dll+0x3ccf1f]
V  [jvm.dll+0x3cf2b1]
C  [jli.dll+0x5207]
C  [ucrtbase.dll+0x29363]
C  [KERNEL32.DLL+0x1257d]
C  [ntdll.dll+0x5aa78]


---------------  P R O C E S S  ---------------

Threads class SMR info:
_java_thread_list=0x0000018c9a116260, length=0, elements={
}

Java Threads: ( => current thread )

Other Threads:
  0x0000018c9c414000 GCTaskThread "GC Thread#0" [stack: 0x0000001951a00000,0x0000001951b00000] [id=30296]
  0x0000018c9c494800 ConcurrentGCThread "G1 Main Marker" [stack: 0x0000001951b00000,0x0000001951c00000] [id=33252]
  0x0000018c9c496000 ConcurrentGCThread "G1 Conc#0" [stack: 0x0000001951c00000,0x0000001951d00000] [id=10124]

[error occurred during error reporting (printing all threads), id 0xc0000005, EXCEPTION_ACCESS_VIOLATION (0xc0000005) at pc=0x00007ffb5d583ef7]

VM state:not at safepoint (not fully initialized)

VM Mutex/Monitor currently owned by a thread:  ([mutex/lock_event])
[0x0000018c9c3f6210] Heap_lock - owner thread: 0x0000018c9c3f8800

Heap address: 0x0000000604800000, size: 8120 MB, Compressed Oops mode: Non-zero based: 0x0000000604800000
Narrow klass base: 0x0000000000000000, Narrow klass shift: 0

GC Heap History (0 events):
No events

Deoptimization events (0 events):
No events

Classes redefined (0 events):
No events

Internal exceptions (0 events):
No events

Events (1 events):
Event: 0.005 Loaded shared library C:\Program Files\Unity\Hub\Editor\2023.1.6f1\Editor\Data\PlaybackEngines\AndroidPlayer\OpenJDK\bin\zip.dll


Dynamic libraries:
0x00007ff692d30000 - 0x00007ff692d3d000 	C:\Program Files\Unity\Hub\Editor\2023.1.6f1\Editor\Data\PlaybackEngines\AndroidPlayer\OpenJDK\bin\java.exe
0x00007ffbd3e10000 - 0x00007ffbd4027000 	C:\WINDOWS\SYSTEM32\ntdll.dll
0x00007ffbd24e0000 - 0x00007ffbd25a4000 	C:\WINDOWS\System32\KERNEL32.DLL
0x00007ffbd1440000 - 0x00007ffbd17e6000 	C:\WINDOWS\System32\KERNELBASE.dll
0x00007ffbd1a50000 - 0x00007ffbd1b61000 	C:\WINDOWS\System32\ucrtbase.dll
0x00007ffbc6460000 - 0x00007ffbc6477000 	C:\Program Files\Unity\Hub\Editor\2023.1.6f1\Editor\Data\PlaybackEngines\AndroidPlayer\OpenJDK\bin\jli.dll
0x00007ffbc61e0000 - 0x00007ffbc61f5000 	C:\Program Files\Unity\Hub\Editor\2023.1.6f1\Editor\Data\PlaybackEngines\AndroidPlayer\OpenJDK\bin\VCRUNTIME140.dll
0x00007ffbd2c30000 - 0x00007ffbd2ddd000 	C:\WINDOWS\System32\USER32.dll
0x00007ffbb6da0000 - 0x00007ffbb7033000 	C:\WINDOWS\WinSxS\amd64_microsoft.windows.common-controls_6595b64144ccf1df_6.0.22621.2361_none_2712ced57382f843\COMCTL32.dll
0x00007ffbd1900000 - 0x00007ffbd1926000 	C:\WINDOWS\System32\win32u.dll
0x00007ffbd2fa0000 - 0x00007ffbd3047000 	C:\WINDOWS\System32\msvcrt.dll
0x00007ffbd23e0000 - 0x00007ffbd2409000 	C:\WINDOWS\System32\GDI32.dll
0x00007ffbd1930000 - 0x00007ffbd1a48000 	C:\WINDOWS\System32\gdi32full.dll
0x00007ffbd1860000 - 0x00007ffbd18fa000 	C:\WINDOWS\System32\msvcp_win.dll
0x00007ffbd2bf0000 - 0x00007ffbd2c21000 	C:\WINDOWS\System32\IMM32.DLL
0x00007ffbaa1e0000 - 0x00007ffbaa27b000 	C:\Program Files\Unity\Hub\Editor\2023.1.6f1\Editor\Data\PlaybackEngines\AndroidPlayer\OpenJDK\bin\msvcp140.dll
0x00007ffb5d290000 - 0x00007ffb5de11000 	C:\Program Files\Unity\Hub\Editor\2023.1.6f1\Editor\Data\PlaybackEngines\AndroidPlayer\OpenJDK\bin\server\jvm.dll
0x00007ffbd1b70000 - 0x00007ffbd1c20000 	C:\WINDOWS\System32\ADVAPI32.dll
0x00007ffbd20e0000 - 0x00007ffbd2186000 	C:\WINDOWS\System32\sechost.dll
0x00007ffbd1c30000 - 0x00007ffbd1d47000 	C:\WINDOWS\System32\RPCRT4.dll
0x00007ffbd2190000 - 0x00007ffbd2198000 	C:\WINDOWS\System32\PSAPI.DLL
0x00007ffbc6870000 - 0x00007ffbc68a4000 	C:\WINDOWS\SYSTEM32\WINMM.dll
0x00007ffbc9bb0000 - 0x00007ffbc9bba000 	C:\WINDOWS\SYSTEM32\VERSION.dll
0x00007ffb93c00000 - 0x00007ffb93c09000 	C:\WINDOWS\SYSTEM32\WSOCK32.dll
0x00007ffbd2f20000 - 0x00007ffbd2f91000 	C:\WINDOWS\System32\WS2_32.dll
0x00007ffbd0040000 - 0x00007ffbd0058000 	C:\WINDOWS\SYSTEM32\kernel.appcore.dll
0x00007ffbc7c80000 - 0x00007ffbc7c90000 	C:\Program Files\Unity\Hub\Editor\2023.1.6f1\Editor\Data\PlaybackEngines\AndroidPlayer\OpenJDK\bin\verify.dll
0x00007ffbc16f0000 - 0x00007ffbc191e000 	C:\WINDOWS\SYSTEM32\DBGHELP.DLL
0x00007ffbd1d50000 - 0x00007ffbd20da000 	C:\WINDOWS\System32\combase.dll
0x00007ffbd2e40000 - 0x00007ffbd2f17000 	C:\WINDOWS\System32\OLEAUT32.dll
0x00007ffbc0cf0000 - 0x00007ffbc0d22000 	C:\WINDOWS\SYSTEM32\dbgcore.DLL
0x00007ffbd1190000 - 0x00007ffbd120a000 	C:\WINDOWS\System32\bcryptPrimitives.dll
0x00007ffbbdfb0000 - 0x00007ffbbdfd8000 	C:\Program Files\Unity\Hub\Editor\2023.1.6f1\Editor\Data\PlaybackEngines\AndroidPlayer\OpenJDK\bin\java.dll
0x00007ffbc1660000 - 0x00007ffbc166a000 	C:\Program Files\Unity\Hub\Editor\2023.1.6f1\Editor\Data\PlaybackEngines\AndroidPlayer\OpenJDK\bin\jimage.dll
0x00007ffbbed50000 - 0x00007ffbbed68000 	C:\Program Files\Unity\Hub\Editor\2023.1.6f1\Editor\Data\PlaybackEngines\AndroidPlayer\OpenJDK\bin\zip.dll

dbghelp: loaded successfully - version: 4.0.5 - missing functions: none
symbol engine: initialized successfully - sym options: 0x614 - pdb path: .;C:\Program Files\Unity\Hub\Editor\2023.1.6f1\Editor\Data\PlaybackEngines\AndroidPlayer\OpenJDK\bin;C:\WINDOWS\SYSTEM32;C:\WINDOWS\WinSxS\amd64_microsoft.windows.common-controls_6595b64144ccf1df_6.0.22621.2361_none_2712ced57382f843;C:\Program Files\Unity\Hub\Editor\2023.1.6f1\Editor\Data\PlaybackEngines\AndroidPlayer\OpenJDK\bin\server

VM Arguments:
java_command: <unknown>
java_class_path (initial): <not set>
Launcher Type: SUN_STANDARD

[Global flags]
     intx CICompilerCount                          = 12                                        {product} {ergonomic}
     uint ConcGCThreads                            = 4                                         {product} {ergonomic}
     uint G1ConcRefinementThreads                  = 15                                        {product} {ergonomic}
   size_t G1HeapRegionSize                         = 2097152                                   {product} {ergonomic}
    uintx GCDrainStackTargetSize                   = 64                                        {product} {ergonomic}
   size_t InitialHeapSize                          = 532676608                                 {product} {ergonomic}
   size_t MarkStackSize                            = 4194304                                   {product} {ergonomic}
   size_t MaxHeapSize                              = 8514437120                                {product} {ergonomic}
   size_t MinHeapDeltaBytes                        = 2097152                                   {product} {ergonomic}
    uintx NonNMethodCodeHeapSize                   = 7594288                                {pd product} {ergonomic}
    uintx NonProfiledCodeHeapSize                  = 122031976                              {pd product} {ergonomic}
    uintx ProfiledCodeHeapSize                     = 122031976                              {pd product} {ergonomic}
    uintx ReservedCodeCacheSize                    = 251658240                              {pd product} {ergonomic}
     bool SegmentedCodeCache                       = true                                      {product} {ergonomic}
     bool UseCompressedClassPointers               = true                                 {lp64_product} {ergonomic}
     bool UseCompressedOops                        = true                                 {lp64_product} {ergonomic}
     bool UseG1GC                                  = true                                      {product} {ergonomic}
     bool UseLargePagesIndividualAllocation        = false                                  {pd product} {ergonomic}

Logging:
Log output configuration:
 #0: stdout all=warning uptime,level,tags
 #1: stderr all=off uptime,level,tags

Environment Variables:
JAVA_HOME=C:\Program Files\Unity\Hub\Editor\2023.1.6f1\Editor\Data\PlaybackEngines\AndroidPlayer\OpenJDK
PATH=C:\Program Files\Oculus\Support\oculus-runtime;C:\Program Files\Common Files\Oracle\Java\javapath;C:\Program Files (x86)\Common Files\Oracle\Java\javapath;C:\WINDOWS\CCM\;C:\WINDOWS\system32;C:\WINDOWS;C:\WINDOWS\System32\Wbem;C:\WINDOWS\System32\WindowsPowerShell\v1.0\;C:\WINDOWS\System32\OpenSSH\;C:\Program Files\dotnet\;C:\Program Files\Microsoft SQL Server\120\Tools\Binn\;C:\Program Files (x86)\NVIDIA Corporation\PhysX\Common;C:\WINDOWS\system32\config\systemprofile\AppData\Local\Microsoft\WindowsApps;C:\Program Files (x86)\JetBrains\WebStorm 2022.2.3\bin;C:\WINDOWS\system32\config\systemprofile\AppData\Roaming\npm;C:\xampp\php;C:\ProgramData\ComposerSetup\bin;C:\Program Files\Microsoft VS Code\bin;C:\Program Files\NVIDIA Corporation\NVIDIA NvDLISR;C:\Program Files\PuTTY\;C:\Program Files (x86)\Windows Kits\10\Windows Performance Toolkit\;C:\Program Files\Git\cmd;C:\Program Files\nodejs\;C:\Users\2159096\AppData\Local\Microsoft\WindowsApps;C:\Users\2159096\.dotnet\tools
USERNAME=2159096
OS=Windows_NT
PROCESSOR_IDENTIFIER=Intel64 Family 6 Model 151 Stepping 2, GenuineIntel



---------------  S Y S T E M  ---------------

OS: Windows 11 , 64 bit Build 22621 (10.0.22621.2428)
OS uptime: 0 days 8:40 hours
Hyper-V role detected

CPU:total 20 (initial active 20) (10 cores per cpu, 2 threads per core) family 6 model 151 stepping 2 microcode 0x1f, cmov, cx8, fxsr, mmx, sse, sse2, sse3, ssse3, sse4.1, sse4.2, popcnt, avx, avx2, aes, clmul, erms, 3dnowpref, lzcnt, ht, tsc, tscinvbit, bmi1, bmi2, adx, sha, fma

Memory: 4k page, system-wide physical 32473M (659M free)
TotalPageFile size 92832M (AvailPageFile size 317M)
current process WorkingSet (physical memory assigned to process): 11M, peak: 11M
current process commit charge ("private bytes"): 76M, peak: 584M

vm_info: OpenJDK 64-Bit Server VM (11.0.14.1+1) for windows-amd64 JRE (11.0.14.1+1), built on Feb  9 2022 01:48:27 by "" with unknown MS VC++:1916

END.
